24.02.2017 19:42:56 [INFO ] ReportUtil: Load Properties:config/properties 
24.02.2017 19:42:56 [DEBUG] ReportUtil: Properties:{server_log_file_error_string.0=OutOfMemoryError:Heap memory 부족, display_default_datasource=no, server_log_file_date_expr=server.log.2017-01-??, gc_log_file_max_total_size=104857600, gc_log_dir=gclog, gc_log_file_date_expr=gc.log, server_log_file_inspection=yes, server_log_file_max_total_size=104857600, operation_mode=report, server_log_file_error_string.4=Too many open files:OS File생성 최대치 도달, server_log_file_error_string.3=Closing a connection for you:DB Connection Leak 발생, gc_log_file_inspection=yes, server_log_file_error_string.2=Maximum number of threads:Thread생성 최대치 도달, server_log_file_error_string.1=Unable to get managed connection:JDBC Connection Error} 
24.02.2017 19:43:00 [INFO ] GenerateReportEap5: Parsing Json Data: data/services_result.json 
24.02.2017 19:43:01 [INFO ] RpDocxTool: Progressing: addOverviewPage 
24.02.2017 19:43:01 [DEBUG] RpDocxTool: obj.getClass().getName():java.lang.String 
24.02.2017 19:43:01 [DEBUG] RpDocxTool: content:1. 월 정기점검 
24.02.2017 19:43:01 [DEBUG] RpDocxTool: obj.getClass().getName():org.docx4j.wml.Br 
24.02.2017 19:43:01 [DEBUG] RpDocxTool: createBr() 
24.02.2017 19:43:01 [DEBUG] RpDocxTool: obj.getClass().getName():java.lang.String 
24.02.2017 19:43:01 [DEBUG] RpDocxTool: content:2. 점검 내용 : 뒷면 장비별 점검일지 참조 
24.02.2017 19:43:01 [DEBUG] RpDocxTool: obj.getClass().getName():org.docx4j.wml.Br 
24.02.2017 19:43:01 [DEBUG] RpDocxTool: createBr() 
24.02.2017 19:43:01 [DEBUG] RpDocxTool: obj.getClass().getName():java.lang.String 
24.02.2017 19:43:01 [DEBUG] RpDocxTool: content:3. 점검 이력 : 월 정기점검 특이 사항 추가 
24.02.2017 19:43:01 [INFO ] RpDocxTool: Progressing: addInspectionResult 
24.02.2017 19:43:01 [DEBUG] RpDocxTool: =================================== 
24.02.2017 19:43:01 [DEBUG] RpDocxTool: services count: 1 
24.02.2017 19:43:01 [DEBUG] RpDocxTool: =================================== 
24.02.2017 19:43:01 [INFO ] RpDocxTool: ------------------------------------ 
24.02.2017 19:43:01 [INFO ] RpDocxTool: service name: cloud-portal 
24.02.2017 19:43:01 [INFO ] RpDocxTool: ------------------------------------ 
24.02.2017 19:43:01 [INFO ] RpDocxTool:   host: 192.168.102.39 
24.02.2017 19:43:01 [INFO ] RpDocxTool:     instance: prod1 
24.02.2017 19:43:01 [DEBUG] RpDocxTool: engine_disk_usage:66% 
24.02.2017 19:43:01 [DEBUG] RpDocxTool: deployments_list:[{jboss.web.deployment:war=/ROOT=/ROOT}, {jboss.web.deployment:war=/spis=/spis}, {jboss.web.deployment:war=/ibatis=/ibatis}, {jboss.web.deployment:war=/web-console=/web-console}, {jboss.web.deployment:war=/jbossws=/jbossws}, {jboss.web.deployment:war=/simple=/simple}, {jboss.web.deployment:war=/admin-console=/admin-console}, {jboss.web.deployment:war=/jmx-console=/jmx-console}, {jboss.web.deployment:war=/spring-ibatis=/spring-ibatis}, {jboss.web.deployment:war=/invoker=/invoker}, {jboss.web.deployment:war=/juddi=/juddi}] 
24.02.2017 19:43:01 [DEBUG] RpDocxTool: heap_old_memory_pool_path:java_memory_pools.CMSOldGen.peak_usage 
24.02.2017 19:43:01 [DEBUG] RpDocxTool: perm_memory_pool_path:java_memory_pools.CMSPermGen.peak_usage 
24.02.2017 19:43:01 [DEBUG] RpDocxTool: heap_old_memory_peak_usage_map:{init=253100032, committed=391733248, max=567672832, used=278341784} 
24.02.2017 19:43:01 [DEBUG] RpDocxTool: obj.getClass().getName():java.lang.String 
24.02.2017 19:43:01 [DEBUG] RpDocxTool: content:/web-console 
24.02.2017 19:43:01 [DEBUG] RpDocxTool: obj.getClass().getName():org.docx4j.wml.Br 
24.02.2017 19:43:01 [DEBUG] RpDocxTool: createBr() 
24.02.2017 19:43:01 [DEBUG] RpDocxTool: obj.getClass().getName():java.lang.String 
24.02.2017 19:43:01 [DEBUG] RpDocxTool: content:/admin-console 
24.02.2017 19:43:01 [DEBUG] RpDocxTool: obj.getClass().getName():org.docx4j.wml.Br 
24.02.2017 19:43:01 [DEBUG] RpDocxTool: createBr() 
24.02.2017 19:43:01 [DEBUG] RpDocxTool: obj.getClass().getName():java.lang.String 
24.02.2017 19:43:01 [DEBUG] RpDocxTool: content:/jmx-console 
24.02.2017 19:43:01 [DEBUG] RpDocxTool:                 perm_memory_peak_usage_map:{init=134217728, committed=134217728, max=268435456, used=79708800} 
24.02.2017 19:43:01 [DEBUG] RpDocxTool:       connector_name:http-0.0.0.0-8443 
24.02.2017 19:43:01 [DEBUG] RpDocxTool:       connector_map:{currentThreadsBusy=0, currentThreadCount=0, maxThreads=2048} 
24.02.2017 19:43:01 [DEBUG] RpDocxTool:       connector_name:ajp-0.0.0.0-8009 
24.02.2017 19:43:01 [DEBUG] RpDocxTool:       connector_map:{currentThreadsBusy=0, currentThreadCount=0, maxThreads=500} 
24.02.2017 19:43:01 [DEBUG] RpDocxTool:       connector_name:http-0.0.0.0-8080 
24.02.2017 19:43:01 [DEBUG] RpDocxTool:       connector_map:{currentThreadsBusy=0, currentThreadCount=0, maxThreads=500} 
24.02.2017 19:43:01 [INFO ] RpDocxTool:     instance: prod2 
24.02.2017 19:43:01 [DEBUG] RpDocxTool: engine_disk_usage:66% 
24.02.2017 19:43:01 [DEBUG] RpDocxTool: deployments_list:[{jboss.web.deployment:war=/ROOT=/ROOT}, {jboss.web.deployment:war=/spis=/spis}, {jboss.web.deployment:war=/ibatis=/ibatis}, {jboss.web.deployment:war=/web-console=/web-console}, {jboss.web.deployment:war=/jbossws=/jbossws}, {jboss.web.deployment:war=/simple=/simple}, {jboss.web.deployment:war=/admin-console=/admin-console}, {jboss.web.deployment:war=/jmx-console=/jmx-console}, {jboss.web.deployment:war=/spring-ibatis=/spring-ibatis}, {jboss.web.deployment:war=/invoker=/invoker}, {jboss.web.deployment:war=/juddi=/juddi}] 
24.02.2017 19:43:01 [DEBUG] RpDocxTool: heap_old_memory_pool_path:java_memory_pools.CMSOldGen.peak_usage 
24.02.2017 19:43:01 [DEBUG] RpDocxTool: perm_memory_pool_path:java_memory_pools.CMSPermGen.peak_usage 
24.02.2017 19:43:01 [DEBUG] RpDocxTool: heap_old_memory_peak_usage_map:{init=253100032, committed=394022912, max=567672832, used=274382504} 
24.02.2017 19:43:01 [DEBUG] RpDocxTool: obj.getClass().getName():java.lang.String 
24.02.2017 19:43:01 [DEBUG] RpDocxTool: content:/web-console 
24.02.2017 19:43:01 [DEBUG] RpDocxTool: obj.getClass().getName():org.docx4j.wml.Br 
24.02.2017 19:43:01 [DEBUG] RpDocxTool: createBr() 
24.02.2017 19:43:01 [DEBUG] RpDocxTool: obj.getClass().getName():java.lang.String 
24.02.2017 19:43:01 [DEBUG] RpDocxTool: content:/admin-console 
24.02.2017 19:43:01 [DEBUG] RpDocxTool: obj.getClass().getName():org.docx4j.wml.Br 
24.02.2017 19:43:01 [DEBUG] RpDocxTool: createBr() 
24.02.2017 19:43:01 [DEBUG] RpDocxTool: obj.getClass().getName():java.lang.String 
24.02.2017 19:43:01 [DEBUG] RpDocxTool: content:/jmx-console 
24.02.2017 19:43:01 [DEBUG] RpDocxTool:                 perm_memory_peak_usage_map:{init=134217728, committed=134217728, max=268435456, used=77635240} 
24.02.2017 19:43:01 [DEBUG] RpDocxTool:       connector_name:ajp-0.0.0.0-8109 
24.02.2017 19:43:01 [DEBUG] RpDocxTool:       connector_map:{currentThreadsBusy=0, currentThreadCount=0, maxThreads=500} 
24.02.2017 19:43:01 [DEBUG] RpDocxTool:       connector_name:http-0.0.0.0-8543 
24.02.2017 19:43:01 [DEBUG] RpDocxTool:       connector_map:{currentThreadsBusy=0, currentThreadCount=0, maxThreads=2048} 
24.02.2017 19:43:01 [DEBUG] RpDocxTool:       connector_name:http-0.0.0.0-8180 
24.02.2017 19:43:01 [DEBUG] RpDocxTool:       connector_map:{currentThreadsBusy=0, currentThreadCount=0, maxThreads=500} 
24.02.2017 19:43:02 [INFO ] GenerateReportEap5: Generating Document is completed 
24.02.2017 19:43:02 [INFO ] GenerateReportEap5: ============================================== 
24.02.2017 19:43:02 [INFO ] GenerateReportEap5: Location: docx/JBoss-EAP-KTCloud-2017-2-24.docx 
24.02.2017 19:43:02 [INFO ] GenerateReportEap5: ============================================== 
